<?xml version="1.0" encoding="UTF-8"?>
<testng-results ignored="1" total="36" passed="35" failed="0" skipped="0">
  <reporter-output>
  </reporter-output>
  <suite started-at="2021-09-23T16:51:44 IST" name="Suite" finished-at="2021-09-23T16:51:55 IST" duration-ms="10960">
    <groups>
    </groups>
    <test started-at="2021-09-23T16:51:44 IST" name="Test" finished-at="2021-09-23T16:51:55 IST" duration-ms="10960">
      <class name="com.employee.Testclass.TC_004_DELETE_Existing_employee">
        <test-method is-config="true" signature="Setup()[pri:0, instance:com.employee.Testclass.TC_004_DELETE_Existing_employee@3a44431a]" started-at="2021-09-23T16:51:50 IST" name="Setup" finished-at="2021-09-23T16:51:50 IST" duration-ms="0" status="PASS">
          <reporter-output>
          </reporter-output>
        </test-method> <!-- Setup -->
        <test-method is-config="true" signature="DeleteExistingEmployee()[pri:0, instance:com.employee.Testclass.TC_004_DELETE_Existing_employee@3a44431a]" started-at="2021-09-23T16:51:50 IST" name="DeleteExistingEmployee" finished-at="2021-09-23T16:51:54 IST" duration-ms="3909" status="PASS">
          <reporter-output>
          </reporter-output>
        </test-method> <!-- DeleteExistingEmployee -->
        <test-method signature="CheckContentType()[pri:0, instance:com.employee.Testclass.TC_004_DELETE_Existing_employee@3a44431a]" started-at="2021-09-23T16:51:54 IST" name="CheckContentType" finished-at="2021-09-23T16:51:54 IST" duration-ms="3" status="PASS">
          <reporter-output>
          </reporter-output>
        </test-method> <!-- CheckContentType -->
        <test-method signature="CheckStatusTime()[pri:0, instance:com.employee.Testclass.TC_004_DELETE_Existing_employee@3a44431a]" started-at="2021-09-23T16:51:54 IST" name="CheckStatusTime" finished-at="2021-09-23T16:51:54 IST" duration-ms="2" status="PASS">
          <reporter-output>
          </reporter-output>
        </test-method> <!-- CheckStatusTime -->
        <test-method signature="CheckcontentEncoding()[pri:0, instance:com.employee.Testclass.TC_004_DELETE_Existing_employee@3a44431a]" started-at="2021-09-23T16:51:54 IST" name="CheckcontentEncoding" finished-at="2021-09-23T16:51:54 IST" duration-ms="0" status="PASS">
          <reporter-output>
          </reporter-output>
        </test-method> <!-- CheckcontentEncoding -->
        <test-method signature="checkresponsebody()[pri:0, instance:com.employee.Testclass.TC_004_DELETE_Existing_employee@3a44431a]" started-at="2021-09-23T16:51:54 IST" name="checkresponsebody" finished-at="2021-09-23T16:51:54 IST" duration-ms="0" status="PASS">
          <reporter-output>
          </reporter-output>
        </test-method> <!-- checkresponsebody -->
        <test-method signature="chekingStatuscode()[pri:0, instance:com.employee.Testclass.TC_004_DELETE_Existing_employee@3a44431a]" started-at="2021-09-23T16:51:54 IST" name="chekingStatuscode" finished-at="2021-09-23T16:51:54 IST" duration-ms="0" status="PASS">
          <reporter-output>
          </reporter-output>
        </test-method> <!-- chekingStatuscode -->
        <test-method is-config="true" signature="close()[pri:0, instance:com.employee.Testclass.TC_004_DELETE_Existing_employee@3a44431a]" started-at="2021-09-23T16:51:54 IST" name="close" finished-at="2021-09-23T16:51:54 IST" duration-ms="0" status="PASS">
          <reporter-output>
          </reporter-output>
        </test-method> <!-- close -->
        <test-method signature="statusLine()[pri:0, instance:com.employee.Testclass.TC_004_DELETE_Existing_employee@3a44431a]" started-at="2021-09-23T16:51:54 IST" name="statusLine" finished-at="2021-09-23T16:51:54 IST" duration-ms="0" status="PASS">
          <reporter-output>
          </reporter-output>
        </test-method> <!-- statusLine -->
        <test-method signature="checkserver()[pri:0, instance:com.employee.Testclass.TC_004_DELETE_Existing_employee@3a44431a]" started-at="2021-09-23T16:51:54 IST" name="checkserver" finished-at="2021-09-23T16:51:54 IST" duration-ms="0" status="PASS">
          <reporter-output>
          </reporter-output>
        </test-method> <!-- checkserver -->
      </class> <!-- com.employee.Testclass.TC_004_DELETE_Existing_employee -->
      <class name="com.employee.Testclass.TC_002_Get_Single_Employee_Record">
        <test-method is-config="true" signature="GetALLEmployee()[pri:0, instance:com.employee.Testclass.TC_002_Get_Single_Employee_Record@3ee37e5a]" started-at="2021-09-23T16:51:49 IST" name="GetALLEmployee" finished-at="2021-09-23T16:51:50 IST" duration-ms="263" status="PASS">
          <reporter-output>
          </reporter-output>
        </test-method> <!-- GetALLEmployee -->
        <test-method is-config="true" signature="Setup()[pri:0, instance:com.employee.Testclass.TC_002_Get_Single_Employee_Record@3ee37e5a]" started-at="2021-09-23T16:51:49 IST" name="Setup" finished-at="2021-09-23T16:51:49 IST" duration-ms="0" status="PASS">
          <reporter-output>
          </reporter-output>
        </test-method> <!-- Setup -->
        <test-method signature="CheckContentType()[pri:0, instance:com.employee.Testclass.TC_002_Get_Single_Employee_Record@3ee37e5a]" started-at="2021-09-23T16:51:50 IST" name="CheckContentType" finished-at="2021-09-23T16:51:50 IST" duration-ms="0" status="PASS">
          <reporter-output>
          </reporter-output>
        </test-method> <!-- CheckContentType -->
        <test-method signature="CheckSingleEmployee_firstname()[pri:0, instance:com.employee.Testclass.TC_002_Get_Single_Employee_Record@3ee37e5a]" started-at="2021-09-23T16:51:50 IST" name="CheckSingleEmployee_firstname" finished-at="2021-09-23T16:51:50 IST" duration-ms="0" status="PASS">
          <reporter-output>
          </reporter-output>
        </test-method> <!-- CheckSingleEmployee_firstname -->
        <test-method signature="CheckStatusTime()[pri:0, instance:com.employee.Testclass.TC_002_Get_Single_Employee_Record@3ee37e5a]" started-at="2021-09-23T16:51:50 IST" name="CheckStatusTime" finished-at="2021-09-23T16:51:50 IST" duration-ms="0" status="PASS">
          <reporter-output>
          </reporter-output>
        </test-method> <!-- CheckStatusTime -->
        <test-method signature="CheckcontentEncoding()[pri:0, instance:com.employee.Testclass.TC_002_Get_Single_Employee_Record@3ee37e5a]" started-at="2021-09-23T16:51:50 IST" name="CheckcontentEncoding" finished-at="2021-09-23T16:51:50 IST" duration-ms="14" status="PASS">
          <reporter-output>
          </reporter-output>
        </test-method> <!-- CheckcontentEncoding -->
        <test-method signature="checkserver()[pri:0, instance:com.employee.Testclass.TC_002_Get_Single_Employee_Record@3ee37e5a]" started-at="2021-09-23T16:51:50 IST" name="checkserver" finished-at="2021-09-23T16:51:50 IST" duration-ms="3" status="PASS">
          <reporter-output>
          </reporter-output>
        </test-method> <!-- checkserver -->
        <test-method signature="chekingStatuscode()[pri:0, instance:com.employee.Testclass.TC_002_Get_Single_Employee_Record@3ee37e5a]" started-at="2021-09-23T16:51:50 IST" name="chekingStatuscode" finished-at="2021-09-23T16:51:50 IST" duration-ms="2" status="PASS">
          <reporter-output>
          </reporter-output>
        </test-method> <!-- chekingStatuscode -->
        <test-method signature="statusLine()[pri:0, instance:com.employee.Testclass.TC_002_Get_Single_Employee_Record@3ee37e5a]" started-at="2021-09-23T16:51:50 IST" name="statusLine" finished-at="2021-09-23T16:51:50 IST" duration-ms="3" status="PASS">
          <reporter-output>
          </reporter-output>
        </test-method> <!-- statusLine -->
        <test-method is-config="true" signature="tearDown()[pri:0, instance:com.employee.Testclass.TC_002_Get_Single_Employee_Record@3ee37e5a]" started-at="2021-09-23T16:51:50 IST" name="tearDown" finished-at="2021-09-23T16:51:50 IST" duration-ms="0" status="PASS">
          <reporter-output>
          </reporter-output>
        </test-method> <!-- tearDown -->
      </class> <!-- com.employee.Testclass.TC_002_Get_Single_Employee_Record -->
      <class name="com.employee.Testclass.TC_003_PUT_Existing_Employee">
        <test-method is-config="true" signature="GetALLEmployee()[pri:0, instance:com.employee.Testclass.TC_003_PUT_Existing_Employee@6e0f5f7f]" started-at="2021-09-23T16:51:48 IST" name="GetALLEmployee" finished-at="2021-09-23T16:51:49 IST" duration-ms="1013" status="PASS">
          <reporter-output>
          </reporter-output>
        </test-method> <!-- GetALLEmployee -->
        <test-method is-config="true" signature="Setup()[pri:0, instance:com.employee.Testclass.TC_003_PUT_Existing_Employee@6e0f5f7f]" started-at="2021-09-23T16:51:48 IST" name="Setup" finished-at="2021-09-23T16:51:48 IST" duration-ms="0" status="PASS">
          <reporter-output>
          </reporter-output>
        </test-method> <!-- Setup -->
        <test-method signature="CheckContentType()[pri:0, instance:com.employee.Testclass.TC_003_PUT_Existing_Employee@6e0f5f7f]" started-at="2021-09-23T16:51:49 IST" name="CheckContentType" finished-at="2021-09-23T16:51:49 IST" duration-ms="10" status="PASS">
          <reporter-output>
          </reporter-output>
        </test-method> <!-- CheckContentType -->
        <test-method signature="CheckStatusTime()[pri:0, instance:com.employee.Testclass.TC_003_PUT_Existing_Employee@6e0f5f7f]" started-at="2021-09-23T16:51:49 IST" name="CheckStatusTime" finished-at="2021-09-23T16:51:49 IST" duration-ms="2" status="PASS">
          <reporter-output>
          </reporter-output>
        </test-method> <!-- CheckStatusTime -->
        <test-method signature="CheckcontentEncoding()[pri:0, instance:com.employee.Testclass.TC_003_PUT_Existing_Employee@6e0f5f7f]" started-at="2021-09-23T16:51:49 IST" name="CheckcontentEncoding" finished-at="2021-09-23T16:51:49 IST" duration-ms="0" status="PASS">
          <reporter-output>
          </reporter-output>
        </test-method> <!-- CheckcontentEncoding -->
        <test-method signature="checkserver()[pri:0, instance:com.employee.Testclass.TC_003_PUT_Existing_Employee@6e0f5f7f]" started-at="2021-09-23T16:51:49 IST" name="checkserver" finished-at="2021-09-23T16:51:49 IST" duration-ms="0" status="PASS">
          <reporter-output>
          </reporter-output>
        </test-method> <!-- checkserver -->
        <test-method signature="ResponseBody()[pri:0, instance:com.employee.Testclass.TC_003_PUT_Existing_Employee@6e0f5f7f]" started-at="2021-09-23T16:51:49 IST" name="ResponseBody" finished-at="2021-09-23T16:51:49 IST" duration-ms="0" status="PASS">
          <reporter-output>
          </reporter-output>
        </test-method> <!-- ResponseBody -->
        <test-method signature="chekingStatuscode()[pri:0, instance:com.employee.Testclass.TC_003_PUT_Existing_Employee@6e0f5f7f]" started-at="2021-09-23T16:51:49 IST" name="chekingStatuscode" finished-at="2021-09-23T16:51:49 IST" duration-ms="0" status="PASS">
          <reporter-output>
          </reporter-output>
        </test-method> <!-- chekingStatuscode -->
        <test-method signature="statusLine()[pri:0, instance:com.employee.Testclass.TC_003_PUT_Existing_Employee@6e0f5f7f]" started-at="2021-09-23T16:51:49 IST" name="statusLine" finished-at="2021-09-23T16:51:49 IST" duration-ms="7" status="PASS">
          <reporter-output>
          </reporter-output>
        </test-method> <!-- statusLine -->
        <test-method is-config="true" signature="close()[pri:0, instance:com.employee.Testclass.TC_003_PUT_Existing_Employee@6e0f5f7f]" started-at="2021-09-23T16:51:49 IST" name="close" finished-at="2021-09-23T16:51:49 IST" duration-ms="0" status="PASS">
          <reporter-output>
          </reporter-output>
        </test-method> <!-- close -->
      </class> <!-- com.employee.Testclass.TC_003_PUT_Existing_Employee -->
      <class name="com.employee.Testclass.TC_003_Post_Create_Employee">
        <test-method is-config="true" signature="Setup()[pri:0, instance:com.employee.Testclass.TC_003_Post_Create_Employee@5d0a1059]" started-at="2021-09-23T16:51:45 IST" name="Setup" finished-at="2021-09-23T16:51:45 IST" duration-ms="47" status="PASS">
          <reporter-output>
          </reporter-output>
        </test-method> <!-- Setup -->
        <test-method is-config="true" signature="GetALLEmployee()[pri:0, instance:com.employee.Testclass.TC_003_Post_Create_Employee@5d0a1059]" started-at="2021-09-23T16:51:45 IST" name="GetALLEmployee" finished-at="2021-09-23T16:51:48 IST" duration-ms="3633" status="PASS">
          <reporter-output>
          </reporter-output>
        </test-method> <!-- GetALLEmployee -->
        <test-method signature="CheckContentType()[pri:0, instance:com.employee.Testclass.TC_003_Post_Create_Employee@5d0a1059]" started-at="2021-09-23T16:51:48 IST" name="CheckContentType" finished-at="2021-09-23T16:51:48 IST" duration-ms="19" status="PASS">
          <reporter-output>
          </reporter-output>
        </test-method> <!-- CheckContentType -->
        <test-method signature="CheckStatusTime()[pri:0, instance:com.employee.Testclass.TC_003_Post_Create_Employee@5d0a1059]" started-at="2021-09-23T16:51:48 IST" name="CheckStatusTime" finished-at="2021-09-23T16:51:48 IST" duration-ms="6" status="PASS">
          <reporter-output>
          </reporter-output>
        </test-method> <!-- CheckStatusTime -->
        <test-method signature="CheckcontentEncoding()[pri:0, instance:com.employee.Testclass.TC_003_Post_Create_Employee@5d0a1059]" started-at="2021-09-23T16:51:48 IST" name="CheckcontentEncoding" finished-at="2021-09-23T16:51:48 IST" duration-ms="2" status="PASS">
          <reporter-output>
          </reporter-output>
        </test-method> <!-- CheckcontentEncoding -->
        <test-method signature="ResponseBody()[pri:0, instance:com.employee.Testclass.TC_003_Post_Create_Employee@5d0a1059]" started-at="2021-09-23T16:51:48 IST" name="ResponseBody" finished-at="2021-09-23T16:51:48 IST" duration-ms="61" status="PASS">
          <reporter-output>
          </reporter-output>
        </test-method> <!-- ResponseBody -->
        <test-method signature="checkserver()[pri:0, instance:com.employee.Testclass.TC_003_Post_Create_Employee@5d0a1059]" started-at="2021-09-23T16:51:48 IST" name="checkserver" finished-at="2021-09-23T16:51:48 IST" duration-ms="9" status="PASS">
          <reporter-output>
          </reporter-output>
        </test-method> <!-- checkserver -->
        <test-method signature="chekingStatuscode()[pri:0, instance:com.employee.Testclass.TC_003_Post_Create_Employee@5d0a1059]" started-at="2021-09-23T16:51:48 IST" name="chekingStatuscode" finished-at="2021-09-23T16:51:48 IST" duration-ms="10" status="PASS">
          <reporter-output>
          </reporter-output>
        </test-method> <!-- chekingStatuscode -->
        <test-method signature="statusLine()[pri:0, instance:com.employee.Testclass.TC_003_Post_Create_Employee@5d0a1059]" started-at="2021-09-23T16:51:48 IST" name="statusLine" finished-at="2021-09-23T16:51:48 IST" duration-ms="0" status="PASS">
          <reporter-output>
          </reporter-output>
        </test-method> <!-- statusLine -->
        <test-method is-config="true" signature="close()[pri:0, instance:com.employee.Testclass.TC_003_Post_Create_Employee@5d0a1059]" started-at="2021-09-23T16:51:48 IST" name="close" finished-at="2021-09-23T16:51:48 IST" duration-ms="8" status="PASS">
          <reporter-output>
          </reporter-output>
        </test-method> <!-- close -->
      </class> <!-- com.employee.Testclass.TC_003_Post_Create_Employee -->
      <class name="com.employee.Testclass.TC_001_Get_All_Employee">
        <test-method is-config="true" signature="Setup()[pri:0, instance:com.employee.Testclass.TC_001_Get_All_Employee@194bcebf]" started-at="2021-09-23T16:51:54 IST" name="Setup" finished-at="2021-09-23T16:51:54 IST" duration-ms="16" status="PASS">
          <reporter-output>
          </reporter-output>
        </test-method> <!-- Setup -->
        <test-method is-config="true" signature="GetALLEmployee()[pri:0, instance:com.employee.Testclass.TC_001_Get_All_Employee@194bcebf]" started-at="2021-09-23T16:51:54 IST" name="GetALLEmployee" finished-at="2021-09-23T16:51:55 IST" duration-ms="1479" status="PASS">
          <reporter-output>
          </reporter-output>
        </test-method> <!-- GetALLEmployee -->
        <test-method signature="CheckContentType()[pri:0, instance:com.employee.Testclass.TC_001_Get_All_Employee@194bcebf]" started-at="2021-09-23T16:51:55 IST" name="CheckContentType" finished-at="2021-09-23T16:51:55 IST" duration-ms="10" status="PASS">
          <reporter-output>
          </reporter-output>
        </test-method> <!-- CheckContentType -->
        <test-method signature="CheckResponseCode()[pri:0, instance:com.employee.Testclass.TC_001_Get_All_Employee@194bcebf]" started-at="2021-09-23T16:51:55 IST" name="CheckResponseCode" finished-at="2021-09-23T16:51:55 IST" duration-ms="2" status="PASS">
          <reporter-output>
          </reporter-output>
        </test-method> <!-- CheckResponseCode -->
        <test-method signature="CheckcontentEncoding()[pri:0, instance:com.employee.Testclass.TC_001_Get_All_Employee@194bcebf]" started-at="2021-09-23T16:51:55 IST" name="CheckcontentEncoding" finished-at="2021-09-23T16:51:55 IST" duration-ms="0" status="PASS">
          <reporter-output>
          </reporter-output>
        </test-method> <!-- CheckcontentEncoding -->
        <test-method signature="CheckStatusTime()[pri:0, instance:com.employee.Testclass.TC_001_Get_All_Employee@194bcebf]" started-at="2021-09-23T16:51:55 IST" name="CheckStatusTime" finished-at="2021-09-23T16:51:55 IST" duration-ms="0" status="PASS">
          <reporter-output>
          </reporter-output>
        </test-method> <!-- CheckStatusTime -->
        <test-method signature="checkresponseBody()[pri:0, instance:com.employee.Testclass.TC_001_Get_All_Employee@194bcebf]" started-at="2021-09-23T16:51:55 IST" name="checkresponseBody" finished-at="2021-09-23T16:51:55 IST" duration-ms="0" status="PASS">
          <reporter-output>
          </reporter-output>
        </test-method> <!-- checkresponseBody -->
        <test-method is-config="true" signature="tearDown()[pri:0, instance:com.employee.Testclass.TC_001_Get_All_Employee@194bcebf]" started-at="2021-09-23T16:51:55 IST" name="tearDown" finished-at="2021-09-23T16:51:55 IST" duration-ms="0" status="PASS">
          <reporter-output>
          </reporter-output>
        </test-method> <!-- tearDown -->
        <test-method signature="statusLine()[pri:0, instance:com.employee.Testclass.TC_001_Get_All_Employee@194bcebf]" started-at="2021-09-23T16:51:55 IST" name="statusLine" finished-at="2021-09-23T16:51:55 IST" duration-ms="0" status="PASS">
          <reporter-output>
          </reporter-output>
        </test-method> <!-- statusLine -->
        <test-method signature="checkserver()[pri:0, instance:com.employee.Testclass.TC_001_Get_All_Employee@194bcebf]" started-at="2021-09-23T16:51:55 IST" name="checkserver" finished-at="2021-09-23T16:51:55 IST" duration-ms="0" status="PASS">
          <reporter-output>
          </reporter-output>
        </test-method> <!-- checkserver -->
      </class> <!-- com.employee.Testclass.TC_001_Get_All_Employee -->
    </test> <!-- Test -->
  </suite> <!-- Suite -->
</testng-results>
