<?xml version="1.0" encoding="UTF-8"?>
<!-- Generated by org.testng.reporters.JUnitXMLReporter -->
<testsuite ignored="1" hostname="DESKTOP-U9BEVS1" failures="0" tests="35" name="Test" time="10.96" errors="0" timestamp="2021-09-23T16:51:55 IST">
  <testcase classname="com.employee.Testclass.TC_003_Post_Create_Employee" name="CheckContentType" time="0.019"/>
  <testcase classname="com.employee.Testclass.TC_003_Post_Create_Employee" name="CheckStatusTime" time="0.006"/>
  <testcase classname="com.employee.Testclass.TC_003_Post_Create_Employee" name="CheckcontentEncoding" time="0.002"/>
  <testcase classname="com.employee.Testclass.TC_003_Post_Create_Employee" name="ResponseBody" time="0.061"/>
  <testcase classname="com.employee.Testclass.TC_003_Post_Create_Employee" name="checkserver" time="0.009"/>
  <testcase classname="com.employee.Testclass.TC_003_Post_Create_Employee" name="chekingStatuscode" time="0.01"/>
  <testcase classname="com.employee.Testclass.TC_003_Post_Create_Employee" name="statusLine" time="0.0"/>
  <testcase classname="com.employee.Testclass.TC_003_PUT_Existing_Employee" name="CheckContentType" time="0.01"/>
  <testcase classname="com.employee.Testclass.TC_003_PUT_Existing_Employee" name="CheckStatusTime" time="0.002"/>
  <testcase classname="com.employee.Testclass.TC_003_PUT_Existing_Employee" name="CheckcontentEncoding" time="0.0"/>
  <testcase classname="com.employee.Testclass.TC_003_PUT_Existing_Employee" name="ResponseBody" time="0.0"/>
  <testcase classname="com.employee.Testclass.TC_003_PUT_Existing_Employee" name="checkserver" time="0.0"/>
  <testcase classname="com.employee.Testclass.TC_003_PUT_Existing_Employee" name="chekingStatuscode" time="0.0"/>
  <testcase classname="com.employee.Testclass.TC_003_PUT_Existing_Employee" name="statusLine" time="0.007"/>
  <testcase classname="com.employee.Testclass.TC_002_Get_Single_Employee_Record" name="CheckContentType" time="0.0"/>
  <testcase classname="com.employee.Testclass.TC_002_Get_Single_Employee_Record" name="CheckSingleEmployee_firstname" time="0.0"/>
  <testcase classname="com.employee.Testclass.TC_002_Get_Single_Employee_Record" name="CheckStatusTime" time="0.0"/>
  <testcase classname="com.employee.Testclass.TC_002_Get_Single_Employee_Record" name="CheckcontentEncoding" time="0.014"/>
  <testcase classname="com.employee.Testclass.TC_002_Get_Single_Employee_Record" name="checkserver" time="0.003"/>
  <testcase classname="com.employee.Testclass.TC_002_Get_Single_Employee_Record" name="chekingStatuscode" time="0.002"/>
  <testcase classname="com.employee.Testclass.TC_002_Get_Single_Employee_Record" name="statusLine" time="0.003"/>
  <testcase classname="com.employee.Testclass.TC_004_DELETE_Existing_employee" name="CheckContentType" time="0.003"/>
  <testcase classname="com.employee.Testclass.TC_004_DELETE_Existing_employee" name="CheckStatusTime" time="0.002"/>
  <testcase classname="com.employee.Testclass.TC_004_DELETE_Existing_employee" name="CheckcontentEncoding" time="0.0"/>
  <testcase classname="com.employee.Testclass.TC_004_DELETE_Existing_employee" name="checkresponsebody" time="0.0"/>
  <testcase classname="com.employee.Testclass.TC_004_DELETE_Existing_employee" name="checkserver" time="0.0"/>
  <testcase classname="com.employee.Testclass.TC_004_DELETE_Existing_employee" name="chekingStatuscode" time="0.0"/>
  <testcase classname="com.employee.Testclass.TC_004_DELETE_Existing_employee" name="statusLine" time="0.0"/>
  <testcase classname="com.employee.Testclass.TC_001_Get_All_Employee" name="CheckContentType" time="0.01"/>
  <testcase classname="com.employee.Testclass.TC_001_Get_All_Employee" name="CheckResponseCode" time="0.002"/>
  <testcase classname="com.employee.Testclass.TC_001_Get_All_Employee" name="CheckStatusTime" time="0.0"/>
  <testcase classname="com.employee.Testclass.TC_001_Get_All_Employee" name="CheckcontentEncoding" time="0.0"/>
  <testcase classname="com.employee.Testclass.TC_001_Get_All_Employee" name="checkresponseBody" time="0.0"/>
  <testcase classname="com.employee.Testclass.TC_001_Get_All_Employee" name="checkserver" time="0.0"/>
  <testcase classname="com.employee.Testclass.TC_001_Get_All_Employee" name="statusLine" time="0.0"/>
  <testcase classname="com.employee.Testclass.TC_002_Get_Single_Employee_Record" name="CheckContentLenght" time="0.0">
    <ignored/>
  </testcase> <!-- CheckContentLenght -->
</testsuite> <!-- Test -->
